#
# A fatal error has been detected by the Java Runtime Environment:
#
#  EXCEPTION_ACCESS_VIOLATION (0xc0000005) at pc=0x00007ffe9f846c8b, pid=6868, tid=19996
#
# JRE version: OpenJDK Runtime Environment Corretto-11.0.19.7.1 (11.0.19+7) (build 11.0.19+7-LTS)
# Java VM: OpenJDK 64-Bit Server VM Corretto-11.0.19.7.1 (11.0.19+7-LTS, mixed mode, tiered, compressed oops, g1 gc, windows-amd64)
# Problematic frame:
# V  [jvm.dll+0x6f6c8b]
#
# No core dump will be written. Minidumps are not enabled by default on client versions of Windows
#
# If you would like to submit a bug report, please visit:
#   https://github.com/corretto/corretto-11/issues/
#

---------------  S U M M A R Y ------------

Command Line: -agentlib:jdwp=transport=dt_socket,address=127.0.0.1:65083,suspend=y,server=n -ea -Didea.test.cyclic.buffer.size=1048576 -javaagent:C:\Users\Руслан\AppData\Local\JetBrains\IdeaIC2023.1\captureAgent\debugger-agent.jar -Dfile.encoding=UTF-8 com.intellij.rt.junit.JUnitStarter -ideVersion5 -junit5 ru.netology.stats.RadioTest,nextMaxStation

Host: AMD Ryzen 5 5600H with Radeon Graphics         , 12 cores, 15G,  Windows 11 , 64 bit Build 22621 (10.0.22621.1928)
Time: Mon Jul 24 05:29:24 2023 RTZ 2 (s 11 , 64 bit Build 22621 (10.0.22621.1928) elapsed time: 9958.393885 seconds (0d 2h 45m 58s)

---------------  T H R E A D  ---------------

Current thread (0x0000021fbdcb5800):  VMThread "VM Thread" [stack: 0x000000d9cf200000,0x000000d9cf300000] [id=19996]

Stack: [0x000000d9cf200000,0x000000d9cf300000],  sp=0x000000d9cf2fee20,  free space=1019k
Native frames: (J=compiled Java code, j=interpreted, Vv=VM code, C=native code)
V  [jvm.dll+0x6f6c8b]
V  [jvm.dll+0x330aa3]
V  [jvm.dll+0x3327a5]
V  [jvm.dll+0x33309e]
V  [jvm.dll+0x3308fc]
V  [jvm.dll+0x32fb32]
V  [jvm.dll+0x612275]
V  [jvm.dll+0x611ffd]
V  [jvm.dll+0x5d6ac3]
V  [jvm.dll+0x4e30a1]
V  [jvm.dll+0x7b43ec]
V  [jvm.dll+0x7b8527]
V  [jvm.dll+0x7b8d99]
V  [jvm.dll+0x7b9127]
V  [jvm.dll+0x76c9c4]
V  [jvm.dll+0x622415]
C  [ucrtbase.dll+0x29363]
C  [KERNEL32.DLL+0x126ad]
C  [ntdll.dll+0x5aa68]


siginfo: EXCEPTION_ACCESS_VIOLATION (0xc0000005), reading address 0x0000000000000006


Register to memory mapping:

RIP=0x00007ffe9f846c8b jvm.dll
RAX=0x000000d9cf2feec0 points into unknown readable memory: 0x0000000000000000 | 00 00 00 00 00 00 00 00
RBX=0x000000d9cf2fee90 points into unknown readable memory: 0x00007ffe9fa11b98 | 98 1b a1 9f fe 7f 00 00
RCX=0x0 is NULL
RDX=0x0 is NULL
RSP=0x000000d9cf2fee20 points into unknown readable memory: 0x000000d9cf2fee90 | 90 ee 2f cf d9 00 00 00
RBP=0x000000d9cf2ff3e0 points into unknown readable memory: 0x0000021fbdc749b8 | b8 49 c7 bd 1f 02 00 00
RSI=0x0 is NULL
RDI=0x0 is NULL
R8 =0x0 is NULL
R9 =0x0000021fc78a5b30 is pointing into metadata
R10=0x00007ffe9f150000 jvm.dll
R11=0x000000d9cf2ff2f0 points into unknown readable memory: 0x000000d9cf2ff3b0 | b0 f3 2f cf d9 00 00 00
R12=0x0000021fbdc74690 points into unknown readable memory: 0x000000009fa4ed00 | 00 ed a4 9f 00 00 00 00
R13=0x0 is NULL
R14=0x0000021fc78a65f7 is pointing into metadata
R15=0x000000000000001f is an unknown value


Registers:
RAX=0x000000d9cf2feec0, RBX=0x000000d9cf2fee90, RCX=0x0000000000000000, RDX=0x0000000000000000
RSP=0x000000d9cf2fee20, RBP=0x000000d9cf2ff3e0, RSI=0x0000000000000000, RDI=0x0000000000000000
R8 =0x0000000000000000, R9 =0x0000021fc78a5b30, R10=0x00007ffe9f150000, R11=0x000000d9cf2ff2f0
R12=0x0000021fbdc74690, R13=0x0000000000000000, R14=0x0000021fc78a65f7, R15=0x000000000000001f
RIP=0x00007ffe9f846c8b, EFLAGS=0x0000000000010246

Top of Stack: (sp=0x000000d9cf2fee20)
0x000000d9cf2fee20:   000000d9cf2fee90 00007ffe9f398c8e
0x000000d9cf2fee30:   0000000000000400 00007ffe9f84712a
0x000000d9cf2fee40:   0000021f97e60000 000000d9cf2ff139
0x000000d9cf2fee50:   0000000000000000 00007ffe9f480aa3
0x000000d9cf2fee60:   0000000000000000 000000d9cf2ff550
0x000000d9cf2fee70:   000000d9cf2feee0 00007ffe9f398c8e
0x000000d9cf2fee80:   0000000000007500 0000021fbf121a90
0x000000d9cf2fee90:   00007ffe9fa11b98 0000000000000000
0x000000d9cf2feea0:   0000000000000000 00007ffe0000000e
0x000000d9cf2feeb0:   000000d9cf2feec0 000000d900000000
0x000000d9cf2feec0:   0000000000000000 00007fff30696dfa
0x000000d9cf2feed0:   2fffffff4fffffff 00007fff306966ed
0x000000d9cf2feee0:   00007ffe9fa11b98 0000021fbdc1e228
0x000000d9cf2feef0:   0000000000000004 0000021f0000000e
0x000000d9cf2fef00:   000000d9cf2ff020 00007fff30695505
0x000000d9cf2fef10:   0000000000008000 000000d9cf2ff020 

Instructions: (pc=0x00007ffe9f846c8b)
0x00007ffe9f846b8b:   03 48 8b cb ff 50 30 ff 43 14 48 c1 ef 04 eb 86
0x00007ffe9f846b9b:   48 8b 03 45 33 c0 33 d2 48 8b cb ff 50 48 ff 43
0x00007ffe9f846bab:   14 48 c1 ef 04 e9 6c ff ff ff 48 8b 03 48 8b cb
0x00007ffe9f846bbb:   ff 50 38 83 43 14 02 48 c1 ef 04 e9 56 ff ff ff
0x00007ffe9f846bcb:   48 8b 03 48 8b cb ff 50 10 ff 43 14 48 c1 ef 04
0x00007ffe9f846bdb:   e9 41 ff ff ff 48 8b 03 48 8b cb ff 50 18 83 43
0x00007ffe9f846beb:   14 02 48 c1 ef 04 e9 2b ff ff ff 48 8b 0d 73 1e
0x00007ffe9f846bfb:   3d 00 48 8d 15 ac 4c 22 00 e8 57 eb f2 ff 48 8b
0x00007ffe9f846c0b:   0d 60 1e 3d 00 48 8d 15 b1 4c 22 00 4c 8b c6 e8
0x00007ffe9f846c1b:   41 eb f2 ff ba cb 00 00 00 48 8d 0d 35 4c 22 00
0x00007ffe9f846c2b:   e8 a0 90 b5 ff e8 9b 4a f2 ff 48 c1 ef 04 e9 e3
0x00007ffe9f846c3b:   fe ff ff 66 90 42 6b 6f 00 53 6b 6f 00 65 6b 6f
0x00007ffe9f846c4b:   00 77 6b 6f 00 89 6b 6f 00 b5 6b 6f 00 cb 6b 6f
0x00007ffe9f846c5b:   00 e0 6b 6f 00 9b 6b 6f 00 01 6b 6f 00 cc cc cc
0x00007ffe9f846c6b:   cc cc cc cc cc 40 53 48 83 ec 30 c7 41 10 00 00
0x00007ffe9f846c7b:   00 00 48 8b d9 48 89 7c 24 48 48 8b 79 08 33 c9
0x00007ffe9f846c8b:   80 7f 06 28 74 30 44 8d 41 35 c7 44 24 20 28 00
0x00007ffe9f846c9b:   00 00 b9 00 00 00 e0 4c 8d 0d a7 4b 22 00 48 8d
0x00007ffe9f846cab:   15 b0 4b 22 00 e8 8b 8e b5 ff e8 16 4a f2 ff 8b
0x00007ffe9f846cbb:   4b 10 48 8b 7b 08 8d 41 01 48 63 c9 89 43 10 80
0x00007ffe9f846ccb:   7c 39 07 29 0f 84 f9 00 00 00 48 89 74 24 40 44
0x00007ffe9f846cdb:   8b c0 48 8d 35 1c 93 90 ff 0f 1f 40 00 0f 1f 84
0x00007ffe9f846ceb:   00 00 00 00 00 4d 63 c8 41 0f be 4c 39 06 83 c1
0x00007ffe9f846cfb:   be 83 f9 19 0f 87 96 00 00 00 48 63 c9 0f b6 8c
0x00007ffe9f846d0b:   0e 84 6e 6f 00 8b 94 8e 74 6e 6f 00 48 03 d6 ff
0x00007ffe9f846d1b:   e2 41 8d 40 01 89 43 10 e9 8c 00 00 00 0f 1f 84
0x00007ffe9f846d2b:   00 00 00 00 00 48 63 c8 ff c0 89 43 10 44 8b c0
0x00007ffe9f846d3b:   80 7c 39 06 3b 75 ee eb 73 41 8d 40 01 89 43 10
0x00007ffe9f846d4b:   41 80 7c 39 07 5b 75 1c 0f 1f 40 00 66 0f 1f 84
0x00007ffe9f846d5b:   00 00 00 00 00 48 63 c8 ff c0 89 43 10 80 7c 39
0x00007ffe9f846d6b:   07 5b 74 f1 48 63 c8 80 7c 39 06 4c 75 1b 0f 1f
0x00007ffe9f846d7b:   80 00 00 00 00 48 63 c8 ff c0 89 43 10 44 8b c0 


Stack slot to memory mapping:
stack at sp + 0 slots: 0x000000d9cf2fee90 points into unknown readable memory: 0x00007ffe9fa11b98 | 98 1b a1 9f fe 7f 00 00
stack at sp + 1 slots: 0x00007ffe9f398c8e jvm.dll
stack at sp + 2 slots: 0x0000000000000400 is an unknown value
stack at sp + 3 slots: 0x00007ffe9f84712a jvm.dll
stack at sp + 4 slots: 0x0000021f97e60000 points into unknown readable memory: 0x0000000000000000 | 00 00 00 00 00 00 00 00
stack at sp + 5 slots: 0x000000d9cf2ff139 points into unknown readable memory: 00 00 00 00 00 00 00
stack at sp + 6 slots: 0x0 is NULL
stack at sp + 7 slots: 0x00007ffe9f480aa3 jvm.dll

VM_Operation (0x000000d9cfdff540): GetOrSetLocal, mode: safepoint, requested by thread 0x0000021fbe8c9000


---------------  P R O C E S S  ---------------

Threads class SMR info:
_java_thread_list=0x0000021fbe9ee260, length=13, elements={
0x0000021f99ffb000, 0x0000021fbdcc9800, 0x0000021fbdccc000, 0x0000021fbe5c1000,
0x0000021fbe5c3000, 0x0000021fbe5c6000, 0x0000021fbe5c7000, 0x0000021fbe5c8000,
0x0000021fbe5cd000, 0x0000021fbe74c000, 0x0000021fbe8c9000, 0x0000021fbea41000,
0x0000021fbea42000
}

Java Threads: ( => current thread )
  0x0000021f99ffb000 JavaThread "main" [_thread_blocked, id=15616, stack(0x000000d9cec00000,0x000000d9ced00000)]
  0x0000021fbdcc9800 JavaThread "Reference Handler" daemon [_thread_blocked, id=11156, stack(0x000000d9cf300000,0x000000d9cf400000)]
  0x0000021fbdccc000 JavaThread "Finalizer" daemon [_thread_blocked, id=5824, stack(0x000000d9cf400000,0x000000d9cf500000)]
  0x0000021fbe5c1000 JavaThread "Signal Dispatcher" daemon [_thread_blocked, id=19492, stack(0x000000d9cf500000,0x000000d9cf600000)]
  0x0000021fbe5c3000 JavaThread "Attach Listener" daemon [_thread_blocked, id=13224, stack(0x000000d9cf600000,0x000000d9cf700000)]
  0x0000021fbe5c6000 JavaThread "Service Thread" daemon [_thread_blocked, id=16392, stack(0x000000d9cf700000,0x000000d9cf800000)]
  0x0000021fbe5c7000 JavaThread "C2 CompilerThread0" daemon [_thread_blocked, id=8112, stack(0x000000d9cf800000,0x000000d9cf900000)]
  0x0000021fbe5c8000 JavaThread "C1 CompilerThread0" daemon [_thread_blocked, id=10392, stack(0x000000d9cf900000,0x000000d9cfa00000)]
  0x0000021fbe5cd000 JavaThread "Sweeper thread" daemon [_thread_blocked, id=3708, stack(0x000000d9cfa00000,0x000000d9cfb00000)]
  0x0000021fbe74c000 JavaThread "Common-Cleaner" daemon [_thread_blocked, id=17468, stack(0x000000d9cfb00000,0x000000d9cfc00000)]
  0x0000021fbe8c9000 JavaThread "JDWP Transport Listener: dt_socket" daemon [_thread_blocked, id=6464, stack(0x000000d9cfd00000,0x000000d9cfe00000)] _threads_hazard_ptr=0x0000021fbe9ee260
  0x0000021fbea41000 JavaThread "JDWP Event Helper Thread" daemon [_thread_blocked, id=3824, stack(0x000000d9cfe00000,0x000000d9cff00000)]
  0x0000021fbea42000 JavaThread "JDWP Command Reader" daemon [_thread_in_native, id=12360, stack(0x000000d9cff00000,0x000000d9d0000000)]

Other Threads:
=>0x0000021fbdcb5800 VMThread "VM Thread" [stack: 0x000000d9cf200000,0x000000d9cf300000] [id=19996]
  0x0000021fbe9f2800 WatcherThread [stack: 0x000000d9d0000000,0x000000d9d0100000] [id=5096]
  0x0000021f9a017000 GCTaskThread "GC Thread#0" [stack: 0x000000d9ced00000,0x000000d9cee00000] [id=3392]
  0x0000021f9a071000 ConcurrentGCThread "G1 Main Marker" [stack: 0x000000d9cee00000,0x000000d9cef00000] [id=17516]
  0x0000021f9a073000 ConcurrentGCThread "G1 Conc#0" [stack: 0x000000d9cef00000,0x000000d9cf000000] [id=17072]
  0x0000021fbdb8e800 ConcurrentGCThread "G1 Refine#0" [stack: 0x000000d9cf000000,0x000000d9cf100000] [id=15480]
  0x0000021fbdb91800 ConcurrentGCThread "G1 Young RemSet Sampling" [stack: 0x000000d9cf100000,0x000000d9cf200000] [id=5068]

Threads with active compile tasks:

VM state:at safepoint (normal execution)

VM Mutex/Monitor currently owned by a thread:  ([mutex/lock_event])
[0x0000021f99ff6690] Threads_lock - owner thread: 0x0000021fbdcb5800

Heap address: 0x0000000709c00000, size: 3940 MB, Compressed Oops mode: Zero based, Oop shift amount: 3
Narrow klass base: 0x0000000800000000, Narrow klass shift: 0
Compressed class space size: 1073741824 Address: 0x0000000800000000

Heap:
 garbage-first heap   total 253952K, used 18432K [0x0000000709c00000, 0x0000000800000000)
  region size 1024K, 19 young (19456K), 0 survivors (0K)
 Metaspace       used 11718K, capacity 12288K, committed 12544K, reserved 1060864K
  class space    used 1210K, capacity 1411K, committed 1536K, reserved 1048576K
Heap Regions: E=young(eden), S=young(survivor), O=old, HS=humongous(starts), HC=humongous(continues), CS=collection set, F=free, A=archive, TAMS=top-at-mark-start (previous, next)
|   0|0x0000000709c00000, 0x0000000709c00000, 0x0000000709d00000|  0%| F|  |TAMS 0x0000000709c00000, 0x0000000709c00000| Untracked 
|   1|0x0000000709d00000, 0x0000000709d00000, 0x0000000709e00000|  0%| F|  |TAMS 0x0000000709d00000, 0x0000000709d00000| Untracked 
|   2|0x0000000709e00000, 0x0000000709e00000, 0x0000000709f00000|  0%| F|  |TAMS 0x0000000709e00000, 0x0000000709e00000| Untracked 
|   3|0x0000000709f00000, 0x0000000709f00000, 0x000000070a000000|  0%| F|  |TAMS 0x0000000709f00000, 0x0000000709f00000| Untracked 
|   4|0x000000070a000000, 0x000000070a000000, 0x000000070a100000|  0%| F|  |TAMS 0x000000070a000000, 0x000000070a000000| Untracked 
|   5|0x000000070a100000, 0x000000070a100000, 0x000000070a200000|  0%| F|  |TAMS 0x000000070a100000, 0x000000070a100000| Untracked 
|   6|0x000000070a200000, 0x000000070a200000, 0x000000070a300000|  0%| F|  |TAMS 0x000000070a200000, 0x000000070a200000| Untracked 
|   7|0x000000070a300000, 0x000000070a300000, 0x000000070a400000|  0%| F|  |TAMS 0x000000070a300000, 0x000000070a300000| Untracked 
|   8|0x000000070a400000, 0x000000070a400000, 0x000000070a500000|  0%| F|  |TAMS 0x000000070a400000, 0x000000070a400000| Untracked 
|   9|0x000000070a500000, 0x000000070a500000, 0x000000070a600000|  0%| F|  |TAMS 0x000000070a500000, 0x000000070a500000| Untracked 
|  10|0x000000070a600000, 0x000000070a600000, 0x000000070a700000|  0%| F|  |TAMS 0x000000070a600000, 0x000000070a600000| Untracked 
|  11|0x000000070a700000, 0x000000070a700000, 0x000000070a800000|  0%| F|  |TAMS 0x000000070a700000, 0x000000070a700000| Untracked 
|  12|0x000000070a800000, 0x000000070a800000, 0x000000070a900000|  0%| F|  |TAMS 0x000000070a800000, 0x000000070a800000| Untracked 
|  13|0x000000070a900000, 0x000000070a900000, 0x000000070aa00000|  0%| F|  |TAMS 0x000000070a900000, 0x000000070a900000| Untracked 
|  14|0x000000070aa00000, 0x000000070aa00000, 0x000000070ab00000|  0%| F|  |TAMS 0x000000070aa00000, 0x000000070aa00000| Untracked 
|  15|0x000000070ab00000, 0x000000070ab00000, 0x000000070ac00000|  0%| F|  |TAMS 0x000000070ab00000, 0x000000070ab00000| Untracked 
|  16|0x000000070ac00000, 0x000000070ac00000, 0x000000070ad00000|  0%| F|  |TAMS 0x000000070ac00000, 0x000000070ac00000| Untracked 
|  17|0x000000070ad00000, 0x000000070ad00000, 0x000000070ae00000|  0%| F|  |TAMS 0x000000070ad00000, 0x000000070ad00000| Untracked 
|  18|0x000000070ae00000, 0x000000070ae00000, 0x000000070af00000|  0%| F|  |TAMS 0x000000070ae00000, 0x000000070ae00000| Untracked 
|  19|0x000000070af00000, 0x000000070af00000, 0x000000070b000000|  0%| F|  |TAMS 0x000000070af00000, 0x000000070af00000| Untracked 
|  20|0x000000070b000000, 0x000000070b000000, 0x000000070b100000|  0%| F|  |TAMS 0x000000070b000000, 0x000000070b000000| Untracked 
|  21|0x000000070b100000, 0x000000070b100000, 0x000000070b200000|  0%| F|  |TAMS 0x000000070b100000, 0x000000070b100000| Untracked 
|  22|0x000000070b200000, 0x000000070b200000, 0x000000070b300000|  0%| F|  |TAMS 0x000000070b200000, 0x000000070b200000| Untracked 
|  23|0x000000070b300000, 0x000000070b300000, 0x000000070b400000|  0%| F|  |TAMS 0x000000070b300000, 0x000000070b300000| Untracked 
|  24|0x000000070b400000, 0x000000070b400000, 0x000000070b500000|  0%| F|  |TAMS 0x000000070b400000, 0x000000070b400000| Untracked 
|  25|0x000000070b500000, 0x000000070b500000, 0x000000070b600000|  0%| F|  |TAMS 0x000000070b500000, 0x000000070b500000| Untracked 
|  26|0x000000070b600000, 0x000000070b600000, 0x000000070b700000|  0%| F|  |TAMS 0x000000070b600000, 0x000000070b600000| Untracked 
|  27|0x000000070b700000, 0x000000070b700000, 0x000000070b800000|  0%| F|  |TAMS 0x000000070b700000, 0x000000070b700000| Untracked 
|  28|0x000000070b800000, 0x000000070b800000, 0x000000070b900000|  0%| F|  |TAMS 0x000000070b800000, 0x000000070b800000| Untracked 
|  29|0x000000070b900000, 0x000000070b900000, 0x000000070ba00000|  0%| F|  |TAMS 0x000000070b900000, 0x000000070b900000| Untracked 
|  30|0x000000070ba00000, 0x000000070ba00000, 0x000000070bb00000|  0%| F|  |TAMS 0x000000070ba00000, 0x000000070ba00000| Untracked 
|  31|0x000000070bb00000, 0x000000070bb00000, 0x000000070bc00000|  0%| F|  |TAMS 0x000000070bb00000, 0x000000070bb00000| Untracked 
|  32|0x000000070bc00000, 0x000000070bc00000, 0x000000070bd00000|  0%| F|  |TAMS 0x000000070bc00000, 0x000000070bc00000| Untracked 
|  33|0x000000070bd00000, 0x000000070bd00000, 0x000000070be00000|  0%| F|  |TAMS 0x000000070bd00000, 0x000000070bd00000| Untracked 
|  34|0x000000070be00000, 0x000000070be00000, 0x000000070bf00000|  0%| F|  |TAMS 0x000000070be00000, 0x000000070be00000| Untracked 
|  35|0x000000070bf00000, 0x000000070bf00000, 0x000000070c000000|  0%| F|  |TAMS 0x000000070bf00000, 0x000000070bf00000| Untracked 
|  36|0x000000070c000000, 0x000000070c000000, 0x000000070c100000|  0%| F|  |TAMS 0x000000070c000000, 0x000000070c000000| Untracked 
|  37|0x000000070c100000, 0x000000070c100000, 0x000000070c200000|  0%| F|  |TAMS 0x000000070c100000, 0x000000070c100000| Untracked 
|  38|0x000000070c200000, 0x000000070c200000, 0x000000070c300000|  0%| F|  |TAMS 0x000000070c200000, 0x000000070c200000| Untracked 
|  39|0x000000070c300000, 0x000000070c300000, 0x000000070c400000|  0%| F|  |TAMS 0x000000070c300000, 0x000000070c300000| Untracked 
|  40|0x000000070c400000, 0x000000070c400000, 0x000000070c500000|  0%| F|  |TAMS 0x000000070c400000, 0x000000070c400000| Untracked 
|  41|0x000000070c500000, 0x000000070c500000, 0x000000070c600000|  0%| F|  |TAMS 0x000000070c500000, 0x000000070c500000| Untracked 
|  42|0x000000070c600000, 0x000000070c600000, 0x000000070c700000|  0%| F|  |TAMS 0x000000070c600000, 0x000000070c600000| Untracked 
|  43|0x000000070c700000, 0x000000070c700000, 0x000000070c800000|  0%| F|  |TAMS 0x000000070c700000, 0x000000070c700000| Untracked 
|  44|0x000000070c800000, 0x000000070c800000, 0x000000070c900000|  0%| F|  |TAMS 0x000000070c800000, 0x000000070c800000| Untracked 
|  45|0x000000070c900000, 0x000000070c900000, 0x000000070ca00000|  0%| F|  |TAMS 0x000000070c900000, 0x000000070c900000| Untracked 
|  46|0x000000070ca00000, 0x000000070ca00000, 0x000000070cb00000|  0%| F|  |TAMS 0x000000070ca00000, 0x000000070ca00000| Untracked 
|  47|0x000000070cb00000, 0x000000070cb00000, 0x000000070cc00000|  0%| F|  |TAMS 0x000000070cb00000, 0x000000070cb00000| Untracked 
|  48|0x000000070cc00000, 0x000000070cc00000, 0x000000070cd00000|  0%| F|  |TAMS 0x000000070cc00000, 0x000000070cc00000| Untracked 
|  49|0x000000070cd00000, 0x000000070cd00000, 0x000000070ce00000|  0%| F|  |TAMS 0x000000070cd00000, 0x000000070cd00000| Untracked 
|  50|0x000000070ce00000, 0x000000070ce00000, 0x000000070cf00000|  0%| F|  |TAMS 0x000000070ce00000, 0x000000070ce00000| Untracked 
|  51|0x000000070cf00000, 0x000000070cf00000, 0x000000070d000000|  0%| F|  |TAMS 0x000000070cf00000, 0x000000070cf00000| Untracked 
|  52|0x000000070d000000, 0x000000070d000000, 0x000000070d100000|  0%| F|  |TAMS 0x000000070d000000, 0x000000070d000000| Untracked 
|  53|0x000000070d100000, 0x000000070d100000, 0x000000070d200000|  0%| F|  |TAMS 0x000000070d100000, 0x000000070d100000| Untracked 
|  54|0x000000070d200000, 0x000000070d200000, 0x000000070d300000|  0%| F|  |TAMS 0x000000070d200000, 0x000000070d200000| Untracked 
|  55|0x000000070d300000, 0x000000070d300000, 0x000000070d400000|  0%| F|  |TAMS 0x000000070d300000, 0x000000070d300000| Untracked 
|  56|0x000000070d400000, 0x000000070d400000, 0x000000070d500000|  0%| F|  |TAMS 0x000000070d400000, 0x000000070d400000| Untracked 
|  57|0x000000070d500000, 0x000000070d500000, 0x000000070d600000|  0%| F|  |TAMS 0x000000070d500000, 0x000000070d500000| Untracked 
|  58|0x000000070d600000, 0x000000070d600000, 0x000000070d700000|  0%| F|  |TAMS 0x000000070d600000, 0x000000070d600000| Untracked 
|  59|0x000000070d700000, 0x000000070d700000, 0x000000070d800000|  0%| F|  |TAMS 0x000000070d700000, 0x000000070d700000| Untracked 
|  60|0x000000070d800000, 0x000000070d800000, 0x000000070d900000|  0%| F|  |TAMS 0x000000070d800000, 0x000000070d800000| Untracked 
|  61|0x000000070d900000, 0x000000070d900000, 0x000000070da00000|  0%| F|  |TAMS 0x000000070d900000, 0x000000070d900000| Untracked 
|  62|0x000000070da00000, 0x000000070da00000, 0x000000070db00000|  0%| F|  |TAMS 0x000000070da00000, 0x000000070da00000| Untracked 
|  63|0x000000070db00000, 0x000000070db00000, 0x000000070dc00000|  0%| F|  |TAMS 0x000000070db00000, 0x000000070db00000| Untracked 
|  64|0x000000070dc00000, 0x000000070dc00000, 0x000000070dd00000|  0%| F|  |TAMS 0x000000070dc00000, 0x000000070dc00000| Untracked 
|  65|0x000000070dd00000, 0x000000070dd00000, 0x000000070de00000|  0%| F|  |TAMS 0x000000070dd00000, 0x000000070dd00000| Untracked 
|  66|0x000000070de00000, 0x000000070de00000, 0x000000070df00000|  0%| F|  |TAMS 0x000000070de00000, 0x000000070de00000| Untracked 
|  67|0x000000070df00000, 0x000000070df00000, 0x000000070e000000|  0%| F|  |TAMS 0x000000070df00000, 0x000000070df00000| Untracked 
|  68|0x000000070e000000, 0x000000070e000000, 0x000000070e100000|  0%| F|  |TAMS 0x000000070e000000, 0x000000070e000000| Untracked 
|  69|0x000000070e100000, 0x000000070e100000, 0x000000070e200000|  0%| F|  |TAMS 0x000000070e100000, 0x000000070e100000| Untracked 
|  70|0x000000070e200000, 0x000000070e200000, 0x000000070e300000|  0%| F|  |TAMS 0x000000070e200000, 0x000000070e200000| Untracked 
|  71|0x000000070e300000, 0x000000070e300000, 0x000000070e400000|  0%| F|  |TAMS 0x000000070e300000, 0x000000070e300000| Untracked 
|  72|0x000000070e400000, 0x000000070e400000, 0x000000070e500000|  0%| F|  |TAMS 0x000000070e400000, 0x000000070e400000| Untracked 
|  73|0x000000070e500000, 0x000000070e500000, 0x000000070e600000|  0%| F|  |TAMS 0x000000070e500000, 0x000000070e500000| Untracked 
|  74|0x000000070e600000, 0x000000070e600000, 0x000000070e700000|  0%| F|  |TAMS 0x000000070e600000, 0x000000070e600000| Untracked 
|  75|0x000000070e700000, 0x000000070e700000, 0x000000070e800000|  0%| F|  |TAMS 0x000000070e700000, 0x000000070e700000| Untracked 
|  76|0x000000070e800000, 0x000000070e800000, 0x000000070e900000|  0%| F|  |TAMS 0x000000070e800000, 0x000000070e800000| Untracked 
|  77|0x000000070e900000, 0x000000070e900000, 0x000000070ea00000|  0%| F|  |TAMS 0x000000070e900000, 0x000000070e900000| Untracked 
|  78|0x000000070ea00000, 0x000000070ea00000, 0x000000070eb00000|  0%| F|  |TAMS 0x000000070ea00000, 0x000000070ea00000| Untracked 
|  79|0x000000070eb00000, 0x000000070eb00000, 0x000000070ec00000|  0%| F|  |TAMS 0x000000070eb00000, 0x000000070eb00000| Untracked 
|  80|0x000000070ec00000, 0x000000070ec00000, 0x000000070ed00000|  0%| F|  |TAMS 0x000000070ec00000, 0x000000070ec00000| Untracked 
|  81|0x000000070ed00000, 0x000000070ed00000, 0x000000070ee00000|  0%| F|  |TAMS 0x000000070ed00000, 0x000000070ed00000| Untracked 
|  82|0x000000070ee00000, 0x000000070ee00000, 0x000000070ef00000|  0%| F|  |TAMS 0x000000070ee00000, 0x000000070ee00000| Untracked 
|  83|0x000000070ef00000, 0x000000070ef00000, 0x000000070f000000|  0%| F|  |TAMS 0x000000070ef00000, 0x000000070ef00000| Untracked 
|  84|0x000000070f000000, 0x000000070f000000, 0x000000070f100000|  0%| F|  |TAMS 0x000000070f000000, 0x000000070f000000| Untracked 
|  85|0x000000070f100000, 0x000000070f100000, 0x000000070f200000|  0%| F|  |TAMS 0x000000070f100000, 0x000000070f100000| Untracked 
|  86|0x000000070f200000, 0x000000070f200000, 0x000000070f300000|  0%| F|  |TAMS 0x000000070f200000, 0x000000070f200000| Untracked 
|  87|0x000000070f300000, 0x000000070f300000, 0x000000070f400000|  0%| F|  |TAMS 0x000000070f300000, 0x000000070f300000| Untracked 
|  88|0x000000070f400000, 0x000000070f400000, 0x000000070f500000|  0%| F|  |TAMS 0x000000070f400000, 0x000000070f400000| Untracked 
|  89|0x000000070f500000, 0x000000070f500000, 0x000000070f600000|  0%| F|  |TAMS 0x000000070f500000, 0x000000070f500000| Untracked 
|  90|0x000000070f600000, 0x000000070f600000, 0x000000070f700000|  0%| F|  |TAMS 0x000000070f600000, 0x000000070f600000| Untracked 
|  91|0x000000070f700000, 0x000000070f700000, 0x000000070f800000|  0%| F|  |TAMS 0x000000070f700000, 0x000000070f700000| Untracked 
|  92|0x000000070f800000, 0x000000070f800000, 0x000000070f900000|  0%| F|  |TAMS 0x000000070f800000, 0x000000070f800000| Untracked 
|  93|0x000000070f900000, 0x000000070f900000, 0x000000070fa00000|  0%| F|  |TAMS 0x000000070f900000, 0x000000070f900000| Untracked 
|  94|0x000000070fa00000, 0x000000070fa00000, 0x000000070fb00000|  0%| F|  |TAMS 0x000000070fa00000, 0x000000070fa00000| Untracked 
|  95|0x000000070fb00000, 0x000000070fb00000, 0x000000070fc00000|  0%| F|  |TAMS 0x000000070fb00000, 0x000000070fb00000| Untracked 
|  96|0x000000070fc00000, 0x000000070fc00000, 0x000000070fd00000|  0%| F|  |TAMS 0x000000070fc00000, 0x000000070fc00000| Untracked 
|  97|0x000000070fd00000, 0x000000070fd00000, 0x000000070fe00000|  0%| F|  |TAMS 0x000000070fd00000, 0x000000070fd00000| Untracked 
|  98|0x000000070fe00000, 0x000000070fe00000, 0x000000070ff00000|  0%| F|  |TAMS 0x000000070fe00000, 0x000000070fe00000| Untracked 
|  99|0x000000070ff00000, 0x000000070ff00000, 0x0000000710000000|  0%| F|  |TAMS 0x000000070ff00000, 0x000000070ff00000| Untracked 
| 100|0x0000000710000000, 0x0000000710000000, 0x0000000710100000|  0%| F|  |TAMS 0x0000000710000000, 0x0000000710000000| Untracked 
| 101|0x0000000710100000, 0x0000000710100000, 0x0000000710200000|  0%| F|  |TAMS 0x0000000710100000, 0x0000000710100000| Untracked 
| 102|0x0000000710200000, 0x0000000710200000, 0x0000000710300000|  0%| F|  |TAMS 0x0000000710200000, 0x0000000710200000| Untracked 
| 103|0x0000000710300000, 0x0000000710300000, 0x0000000710400000|  0%| F|  |TAMS 0x0000000710300000, 0x0000000710300000| Untracked 
| 104|0x0000000710400000, 0x0000000710400000, 0x0000000710500000|  0%| F|  |TAMS 0x0000000710400000, 0x0000000710400000| Untracked 
| 105|0x0000000710500000, 0x0000000710500000, 0x0000000710600000|  0%| F|  |TAMS 0x0000000710500000, 0x0000000710500000| Untracked 
| 106|0x0000000710600000, 0x0000000710600000, 0x0000000710700000|  0%| F|  |TAMS 0x0000000710600000, 0x0000000710600000| Untracked 
| 107|0x0000000710700000, 0x0000000710700000, 0x0000000710800000|  0%| F|  |TAMS 0x0000000710700000, 0x0000000710700000| Untracked 
| 108|0x0000000710800000, 0x0000000710800000, 0x0000000710900000|  0%| F|  |TAMS 0x0000000710800000, 0x0000000710800000| Untracked 
| 109|0x0000000710900000, 0x0000000710900000, 0x0000000710a00000|  0%| F|  |TAMS 0x0000000710900000, 0x0000000710900000| Untracked 
| 110|0x0000000710a00000, 0x0000000710a00000, 0x0000000710b00000|  0%| F|  |TAMS 0x0000000710a00000, 0x0000000710a00000| Untracked 
| 111|0x0000000710b00000, 0x0000000710b00000, 0x0000000710c00000|  0%| F|  |TAMS 0x0000000710b00000, 0x0000000710b00000| Untracked 
| 112|0x0000000710c00000, 0x0000000710c00000, 0x0000000710d00000|  0%| F|  |TAMS 0x0000000710c00000, 0x0000000710c00000| Untracked 
| 113|0x0000000710d00000, 0x0000000710d00000, 0x0000000710e00000|  0%| F|  |TAMS 0x0000000710d00000, 0x0000000710d00000| Untracked 
| 114|0x0000000710e00000, 0x0000000710e00000, 0x0000000710f00000|  0%| F|  |TAMS 0x0000000710e00000, 0x0000000710e00000| Untracked 
| 115|0x0000000710f00000, 0x0000000710f00000, 0x0000000711000000|  0%| F|  |TAMS 0x0000000710f00000, 0x0000000710f00000| Untracked 
| 116|0x0000000711000000, 0x0000000711000000, 0x0000000711100000|  0%| F|  |TAMS 0x0000000711000000, 0x0000000711000000| Untracked 
| 117|0x0000000711100000, 0x0000000711100000, 0x0000000711200000|  0%| F|  |TAMS 0x0000000711100000, 0x0000000711100000| Untracked 
| 118|0x0000000711200000, 0x0000000711200000, 0x0000000711300000|  0%| F|  |TAMS 0x0000000711200000, 0x0000000711200000| Untracked 
| 119|0x0000000711300000, 0x0000000711300000, 0x0000000711400000|  0%| F|  |TAMS 0x0000000711300000, 0x0000000711300000| Untracked 
| 120|0x0000000711400000, 0x0000000711400000, 0x0000000711500000|  0%| F|  |TAMS 0x0000000711400000, 0x0000000711400000| Untracked 
| 121|0x0000000711500000, 0x0000000711500000, 0x0000000711600000|  0%| F|  |TAMS 0x0000000711500000, 0x0000000711500000| Untracked 
| 122|0x0000000711600000, 0x0000000711600000, 0x0000000711700000|  0%| F|  |TAMS 0x0000000711600000, 0x0000000711600000| Untracked 
| 123|0x0000000711700000, 0x0000000711700000, 0x0000000711800000|  0%| F|  |TAMS 0x0000000711700000, 0x0000000711700000| Untracked 
| 124|0x0000000711800000, 0x0000000711800000, 0x0000000711900000|  0%| F|  |TAMS 0x0000000711800000, 0x0000000711800000| Untracked 
| 125|0x0000000711900000, 0x0000000711900000, 0x0000000711a00000|  0%| F|  |TAMS 0x0000000711900000, 0x0000000711900000| Untracked 
| 126|0x0000000711a00000, 0x0000000711a00000, 0x0000000711b00000|  0%| F|  |TAMS 0x0000000711a00000, 0x0000000711a00000| Untracked 
| 127|0x0000000711b00000, 0x0000000711b00000, 0x0000000711c00000|  0%| F|  |TAMS 0x0000000711b00000, 0x0000000711b00000| Untracked 
| 128|0x0000000711c00000, 0x0000000711c00000, 0x0000000711d00000|  0%| F|  |TAMS 0x0000000711c00000, 0x0000000711c00000| Untracked 
| 129|0x0000000711d00000, 0x0000000711d00000, 0x0000000711e00000|  0%| F|  |TAMS 0x0000000711d00000, 0x0000000711d00000| Untracked 
| 130|0x0000000711e00000, 0x0000000711e00000, 0x0000000711f00000|  0%| F|  |TAMS 0x0000000711e00000, 0x0000000711e00000| Untracked 
| 131|0x0000000711f00000, 0x0000000711f00000, 0x0000000712000000|  0%| F|  |TAMS 0x0000000711f00000, 0x0000000711f00000| Untracked 
| 132|0x0000000712000000, 0x0000000712000000, 0x0000000712100000|  0%| F|  |TAMS 0x0000000712000000, 0x0000000712000000| Untracked 
| 133|0x0000000712100000, 0x0000000712100000, 0x0000000712200000|  0%| F|  |TAMS 0x0000000712100000, 0x0000000712100000| Untracked 
| 134|0x0000000712200000, 0x0000000712200000, 0x0000000712300000|  0%| F|  |TAMS 0x0000000712200000, 0x0000000712200000| Untracked 
| 135|0x0000000712300000, 0x0000000712300000, 0x0000000712400000|  0%| F|  |TAMS 0x0000000712300000, 0x0000000712300000| Untracked 
| 136|0x0000000712400000, 0x0000000712400000, 0x0000000712500000|  0%| F|  |TAMS 0x0000000712400000, 0x0000000712400000| Untracked 
| 137|0x0000000712500000, 0x0000000712500000, 0x0000000712600000|  0%| F|  |TAMS 0x0000000712500000, 0x0000000712500000| Untracked 
| 138|0x0000000712600000, 0x0000000712600000, 0x0000000712700000|  0%| F|  |TAMS 0x0000000712600000, 0x0000000712600000| Untracked 
| 139|0x0000000712700000, 0x0000000712700000, 0x0000000712800000|  0%| F|  |TAMS 0x0000000712700000, 0x0000000712700000| Untracked 
| 140|0x0000000712800000, 0x0000000712800000, 0x0000000712900000|  0%| F|  |TAMS 0x0000000712800000, 0x0000000712800000| Untracked 
| 141|0x0000000712900000, 0x0000000712900000, 0x0000000712a00000|  0%| F|  |TAMS 0x0000000712900000, 0x0000000712900000| Untracked 
| 142|0x0000000712a00000, 0x0000000712a00000, 0x0000000712b00000|  0%| F|  |TAMS 0x0000000712a00000, 0x0000000712a00000| Untracked 
| 143|0x0000000712b00000, 0x0000000712b00000, 0x0000000712c00000|  0%| F|  |TAMS 0x0000000712b00000, 0x0000000712b00000| Untracked 
| 144|0x0000000712c00000, 0x0000000712c00000, 0x0000000712d00000|  0%| F|  |TAMS 0x0000000712c00000, 0x0000000712c00000| Untracked 
| 145|0x0000000712d00000, 0x0000000712d00000, 0x0000000712e00000|  0%| F|  |TAMS 0x0000000712d00000, 0x0000000712d00000| Untracked 
| 146|0x0000000712e00000, 0x0000000712e00000, 0x0000000712f00000|  0%| F|  |TAMS 0x0000000712e00000, 0x0000000712e00000| Untracked 
| 147|0x0000000712f00000, 0x0000000712f00000, 0x0000000713000000|  0%| F|  |TAMS 0x0000000712f00000, 0x0000000712f00000| Untracked 
| 148|0x0000000713000000, 0x0000000713000000, 0x0000000713100000|  0%| F|  |TAMS 0x0000000713000000, 0x0000000713000000| Untracked 
| 149|0x0000000713100000, 0x0000000713100000, 0x0000000713200000|  0%| F|  |TAMS 0x0000000713100000, 0x0000000713100000| Untracked 
| 150|0x0000000713200000, 0x0000000713200000, 0x0000000713300000|  0%| F|  |TAMS 0x0000000713200000, 0x0000000713200000| Untracked 
| 151|0x0000000713300000, 0x0000000713300000, 0x0000000713400000|  0%| F|  |TAMS 0x0000000713300000, 0x0000000713300000| Untracked 
| 152|0x0000000713400000, 0x0000000713400000, 0x0000000713500000|  0%| F|  |TAMS 0x0000000713400000, 0x0000000713400000| Untracked 
| 153|0x0000000713500000, 0x0000000713500000, 0x0000000713600000|  0%| F|  |TAMS 0x0000000713500000, 0x0000000713500000| Untracked 
| 154|0x0000000713600000, 0x0000000713600000, 0x0000000713700000|  0%| F|  |TAMS 0x0000000713600000, 0x0000000713600000| Untracked 
| 155|0x0000000713700000, 0x0000000713700000, 0x0000000713800000|  0%| F|  |TAMS 0x0000000713700000, 0x0000000713700000| Untracked 
| 156|0x0000000713800000, 0x0000000713800000, 0x0000000713900000|  0%| F|  |TAMS 0x0000000713800000, 0x0000000713800000| Untracked 
| 157|0x0000000713900000, 0x0000000713900000, 0x0000000713a00000|  0%| F|  |TAMS 0x0000000713900000, 0x0000000713900000| Untracked 
| 158|0x0000000713a00000, 0x0000000713a00000, 0x0000000713b00000|  0%| F|  |TAMS 0x0000000713a00000, 0x0000000713a00000| Untracked 
| 159|0x0000000713b00000, 0x0000000713b00000, 0x0000000713c00000|  0%| F|  |TAMS 0x0000000713b00000, 0x0000000713b00000| Untracked 
| 160|0x0000000713c00000, 0x0000000713c00000, 0x0000000713d00000|  0%| F|  |TAMS 0x0000000713c00000, 0x0000000713c00000| Untracked 
| 161|0x0000000713d00000, 0x0000000713d00000, 0x0000000713e00000|  0%| F|  |TAMS 0x0000000713d00000, 0x0000000713d00000| Untracked 
| 162|0x0000000713e00000, 0x0000000713e00000, 0x0000000713f00000|  0%| F|  |TAMS 0x0000000713e00000, 0x0000000713e00000| Untracked 
| 163|0x0000000713f00000, 0x0000000713f00000, 0x0000000714000000|  0%| F|  |TAMS 0x0000000713f00000, 0x0000000713f00000| Untracked 
| 164|0x0000000714000000, 0x0000000714000000, 0x0000000714100000|  0%| F|  |TAMS 0x0000000714000000, 0x0000000714000000| Untracked 
| 165|0x0000000714100000, 0x0000000714100000, 0x0000000714200000|  0%| F|  |TAMS 0x0000000714100000, 0x0000000714100000| Untracked 
| 166|0x0000000714200000, 0x0000000714200000, 0x0000000714300000|  0%| F|  |TAMS 0x0000000714200000, 0x0000000714200000| Untracked 
| 167|0x0000000714300000, 0x0000000714300000, 0x0000000714400000|  0%| F|  |TAMS 0x0000000714300000, 0x0000000714300000| Untracked 
| 168|0x0000000714400000, 0x0000000714400000, 0x0000000714500000|  0%| F|  |TAMS 0x0000000714400000, 0x0000000714400000| Untracked 
| 169|0x0000000714500000, 0x0000000714500000, 0x0000000714600000|  0%| F|  |TAMS 0x0000000714500000, 0x0000000714500000| Untracked 
| 170|0x0000000714600000, 0x0000000714600000, 0x0000000714700000|  0%| F|  |TAMS 0x0000000714600000, 0x0000000714600000| Untracked 
| 171|0x0000000714700000, 0x0000000714700000, 0x0000000714800000|  0%| F|  |TAMS 0x0000000714700000, 0x0000000714700000| Untracked 
| 172|0x0000000714800000, 0x0000000714800000, 0x0000000714900000|  0%| F|  |TAMS 0x0000000714800000, 0x0000000714800000| Untracked 
| 173|0x0000000714900000, 0x0000000714900000, 0x0000000714a00000|  0%| F|  |TAMS 0x0000000714900000, 0x0000000714900000| Untracked 
| 174|0x0000000714a00000, 0x0000000714a00000, 0x0000000714b00000|  0%| F|  |TAMS 0x0000000714a00000, 0x0000000714a00000| Untracked 
| 175|0x0000000714b00000, 0x0000000714b00000, 0x0000000714c00000|  0%| F|  |TAMS 0x0000000714b00000, 0x0000000714b00000| Untracked 
| 176|0x0000000714c00000, 0x0000000714c00000, 0x0000000714d00000|  0%| F|  |TAMS 0x0000000714c00000, 0x0000000714c00000| Untracked 
| 177|0x0000000714d00000, 0x0000000714d00000, 0x0000000714e00000|  0%| F|  |TAMS 0x0000000714d00000, 0x0000000714d00000| Untracked 
| 178|0x0000000714e00000, 0x0000000714e00000, 0x0000000714f00000|  0%| F|  |TAMS 0x0000000714e00000, 0x0000000714e00000| Untracked 
| 179|0x0000000714f00000, 0x0000000714f00000, 0x0000000715000000|  0%| F|  |TAMS 0x0000000714f00000, 0x0000000714f00000| Untracked 
| 180|0x0000000715000000, 0x0000000715000000, 0x0000000715100000|  0%| F|  |TAMS 0x0000000715000000, 0x0000000715000000| Untracked 
| 181|0x0000000715100000, 0x0000000715100000, 0x0000000715200000|  0%| F|  |TAMS 0x0000000715100000, 0x0000000715100000| Untracked 
| 182|0x0000000715200000, 0x0000000715200000, 0x0000000715300000|  0%| F|  |TAMS 0x0000000715200000, 0x0000000715200000| Untracked 
| 183|0x0000000715300000, 0x0000000715300000, 0x0000000715400000|  0%| F|  |TAMS 0x0000000715300000, 0x0000000715300000| Untracked 
| 184|0x0000000715400000, 0x0000000715400000, 0x0000000715500000|  0%| F|  |TAMS 0x0000000715400000, 0x0000000715400000| Untracked 
| 185|0x0000000715500000, 0x0000000715500000, 0x0000000715600000|  0%| F|  |TAMS 0x0000000715500000, 0x0000000715500000| Untracked 
| 186|0x0000000715600000, 0x0000000715600000, 0x0000000715700000|  0%| F|  |TAMS 0x0000000715600000, 0x0000000715600000| Untracked 
| 187|0x0000000715700000, 0x0000000715700000, 0x0000000715800000|  0%| F|  |TAMS 0x0000000715700000, 0x0000000715700000| Untracked 
| 188|0x0000000715800000, 0x0000000715800000, 0x0000000715900000|  0%| F|  |TAMS 0x0000000715800000, 0x0000000715800000| Untracked 
| 189|0x0000000715900000, 0x0000000715900000, 0x0000000715a00000|  0%| F|  |TAMS 0x0000000715900000, 0x0000000715900000| Untracked 
| 190|0x0000000715a00000, 0x0000000715a00000, 0x0000000715b00000|  0%| F|  |TAMS 0x0000000715a00000, 0x0000000715a00000| Untracked 
| 191|0x0000000715b00000, 0x0000000715b00000, 0x0000000715c00000|  0%| F|  |TAMS 0x0000000715b00000, 0x0000000715b00000| Untracked 
| 192|0x0000000715c00000, 0x0000000715c00000, 0x0000000715d00000|  0%| F|  |TAMS 0x0000000715c00000, 0x0000000715c00000| Untracked 
| 193|0x0000000715d00000, 0x0000000715d00000, 0x0000000715e00000|  0%| F|  |TAMS 0x0000000715d00000, 0x0000000715d00000| Untracked 
| 194|0x0000000715e00000, 0x0000000715e00000, 0x0000000715f00000|  0%| F|  |TAMS 0x0000000715e00000, 0x0000000715e00000| Untracked 
| 195|0x0000000715f00000, 0x0000000715f00000, 0x0000000716000000|  0%| F|  |TAMS 0x0000000715f00000, 0x0000000715f00000| Untracked 
| 196|0x0000000716000000, 0x0000000716000000, 0x0000000716100000|  0%| F|  |TAMS 0x0000000716000000, 0x0000000716000000| Untracked 
| 197|0x0000000716100000, 0x0000000716100000, 0x0000000716200000|  0%| F|  |TAMS 0x0000000716100000, 0x0000000716100000| Untracked 
| 198|0x0000000716200000, 0x0000000716200000, 0x0000000716300000|  0%| F|  |TAMS 0x0000000716200000, 0x0000000716200000| Untracked 
| 199|0x0000000716300000, 0x0000000716300000, 0x0000000716400000|  0%| F|  |TAMS 0x0000000716300000, 0x0000000716300000| Untracked 
| 200|0x0000000716400000, 0x0000000716400000, 0x0000000716500000|  0%| F|  |TAMS 0x0000000716400000, 0x0000000716400000| Untracked 
| 201|0x0000000716500000, 0x0000000716500000, 0x0000000716600000|  0%| F|  |TAMS 0x0000000716500000, 0x0000000716500000| Untracked 
| 202|0x0000000716600000, 0x0000000716600000, 0x0000000716700000|  0%| F|  |TAMS 0x0000000716600000, 0x0000000716600000| Untracked 
| 203|0x0000000716700000, 0x0000000716700000, 0x0000000716800000|  0%| F|  |TAMS 0x0000000716700000, 0x0000000716700000| Untracked 
| 204|0x0000000716800000, 0x0000000716800000, 0x0000000716900000|  0%| F|  |TAMS 0x0000000716800000, 0x0000000716800000| Untracked 
| 205|0x0000000716900000, 0x0000000716900000, 0x0000000716a00000|  0%| F|  |TAMS 0x0000000716900000, 0x0000000716900000| Untracked 
| 206|0x0000000716a00000, 0x0000000716a00000, 0x0000000716b00000|  0%| F|  |TAMS 0x0000000716a00000, 0x0000000716a00000| Untracked 
| 207|0x0000000716b00000, 0x0000000716b00000, 0x0000000716c00000|  0%| F|  |TAMS 0x0000000716b00000, 0x0000000716b00000| Untracked 
| 208|0x0000000716c00000, 0x0000000716c00000, 0x0000000716d00000|  0%| F|  |TAMS 0x0000000716c00000, 0x0000000716c00000| Untracked 
| 209|0x0000000716d00000, 0x0000000716d00000, 0x0000000716e00000|  0%| F|  |TAMS 0x0000000716d00000, 0x0000000716d00000| Untracked 
| 210|0x0000000716e00000, 0x0000000716e00000, 0x0000000716f00000|  0%| F|  |TAMS 0x0000000716e00000, 0x0000000716e00000| Untracked 
| 211|0x0000000716f00000, 0x0000000716f00000, 0x0000000717000000|  0%| F|  |TAMS 0x0000000716f00000, 0x0000000716f00000| Untracked 
| 212|0x0000000717000000, 0x0000000717000000, 0x0000000717100000|  0%| F|  |TAMS 0x0000000717000000, 0x0000000717000000| Untracked 
| 213|0x0000000717100000, 0x0000000717100000, 0x0000000717200000|  0%| F|  |TAMS 0x0000000717100000, 0x0000000717100000| Untracked 
| 214|0x0000000717200000, 0x0000000717200000, 0x0000000717300000|  0%| F|  |TAMS 0x0000000717200000, 0x0000000717200000| Untracked 
| 215|0x0000000717300000, 0x0000000717300000, 0x0000000717400000|  0%| F|  |TAMS 0x0000000717300000, 0x0000000717300000| Untracked 
| 216|0x0000000717400000, 0x0000000717400000, 0x0000000717500000|  0%| F|  |TAMS 0x0000000717400000, 0x0000000717400000| Untracked 
| 217|0x0000000717500000, 0x0000000717500000, 0x0000000717600000|  0%| F|  |TAMS 0x0000000717500000, 0x0000000717500000| Untracked 
| 218|0x0000000717600000, 0x0000000717600000, 0x0000000717700000|  0%| F|  |TAMS 0x0000000717600000, 0x0000000717600000| Untracked 
| 219|0x0000000717700000, 0x0000000717700000, 0x0000000717800000|  0%| F|  |TAMS 0x0000000717700000, 0x0000000717700000| Untracked 
| 220|0x0000000717800000, 0x0000000717800000, 0x0000000717900000|  0%| F|  |TAMS 0x0000000717800000, 0x0000000717800000| Untracked 
| 221|0x0000000717900000, 0x0000000717900000, 0x0000000717a00000|  0%| F|  |TAMS 0x0000000717900000, 0x0000000717900000| Untracked 
| 222|0x0000000717a00000, 0x0000000717a00000, 0x0000000717b00000|  0%| F|  |TAMS 0x0000000717a00000, 0x0000000717a00000| Untracked 
| 223|0x0000000717b00000, 0x0000000717b00000, 0x0000000717c00000|  0%| F|  |TAMS 0x0000000717b00000, 0x0000000717b00000| Untracked 
| 224|0x0000000717c00000, 0x0000000717c00000, 0x0000000717d00000|  0%| F|  |TAMS 0x0000000717c00000, 0x0000000717c00000| Untracked 
| 225|0x0000000717d00000, 0x0000000717d00000, 0x0000000717e00000|  0%| F|  |TAMS 0x0000000717d00000, 0x0000000717d00000| Untracked 
| 226|0x0000000717e00000, 0x0000000717e00000, 0x0000000717f00000|  0%| F|  |TAMS 0x0000000717e00000, 0x0000000717e00000| Untracked 
| 227|0x0000000717f00000, 0x0000000717f00000, 0x0000000718000000|  0%| F|  |TAMS 0x0000000717f00000, 0x0000000717f00000| Untracked 
| 228|0x0000000718000000, 0x0000000718000000, 0x0000000718100000|  0%| F|  |TAMS 0x0000000718000000, 0x0000000718000000| Untracked 
| 229|0x0000000718100000, 0x000000071817bbe0, 0x0000000718200000| 48%| E|  |TAMS 0x0000000718100000, 0x0000000718100000| Complete 
| 230|0x0000000718200000, 0x0000000718300000, 0x0000000718300000|100%| E|CS|TAMS 0x0000000718200000, 0x0000000718200000| Complete 
| 231|0x0000000718300000, 0x0000000718400000, 0x0000000718400000|100%| E|CS|TAMS 0x0000000718300000, 0x0000000718300000| Complete 
| 232|0x0000000718400000, 0x0000000718500000, 0x0000000718500000|100%| E|CS|TAMS 0x0000000718400000, 0x0000000718400000| Complete 
| 233|0x0000000718500000, 0x0000000718600000, 0x0000000718600000|100%| E|CS|TAMS 0x0000000718500000, 0x0000000718500000| Complete 
| 234|0x0000000718600000, 0x0000000718700000, 0x0000000718700000|100%| E|CS|TAMS 0x0000000718600000, 0x0000000718600000| Complete 
| 235|0x0000000718700000, 0x0000000718800000, 0x0000000718800000|100%| E|CS|TAMS 0x0000000718700000, 0x0000000718700000| Complete 
| 236|0x0000000718800000, 0x0000000718900000, 0x0000000718900000|100%| E|CS|TAMS 0x0000000718800000, 0x0000000718800000| Complete 
| 237|0x0000000718900000, 0x0000000718a00000, 0x0000000718a00000|100%| E|CS|TAMS 0x0000000718900000, 0x0000000718900000| Complete 
| 238|0x0000000718a00000, 0x0000000718b00000, 0x0000000718b00000|100%| E|CS|TAMS 0x0000000718a00000, 0x0000000718a00000| Complete 
| 239|0x0000000718b00000, 0x0000000718c00000, 0x0000000718c00000|100%| E|CS|TAMS 0x0000000718b00000, 0x0000000718b00000| Complete 
| 240|0x0000000718c00000, 0x0000000718d00000, 0x0000000718d00000|100%| E|CS|TAMS 0x0000000718c00000, 0x0000000718c00000| Complete 
| 241|0x0000000718d00000, 0x0000000718e00000, 0x0000000718e00000|100%| E|CS|TAMS 0x0000000718d00000, 0x0000000718d00000| Complete 
| 242|0x0000000718e00000, 0x0000000718f00000, 0x0000000718f00000|100%| E|CS|TAMS 0x0000000718e00000, 0x0000000718e00000| Complete 
| 243|0x0000000718f00000, 0x0000000719000000, 0x0000000719000000|100%| E|CS|TAMS 0x0000000718f00000, 0x0000000718f00000| Complete 
| 244|0x0000000719000000, 0x0000000719100000, 0x0000000719100000|100%| E|CS|TAMS 0x0000000719000000, 0x0000000719000000| Complete 
| 245|0x0000000719100000, 0x0000000719200000, 0x0000000719200000|100%| E|CS|TAMS 0x0000000719100000, 0x0000000719100000| Complete 
| 246|0x0000000719200000, 0x0000000719300000, 0x0000000719300000|100%| E|CS|TAMS 0x0000000719200000, 0x0000000719200000| Complete 
| 247|0x0000000719300000, 0x0000000719400000, 0x0000000719400000|100%| E|CS|TAMS 0x0000000719300000, 0x0000000719300000| Complete 

Card table byte_map: [0x0000021fb2480000,0x0000021fb2c40000] _byte_map_base: 0x0000021faec32000

Marking Bits (Prev, Next): (CMBitMap*) 0x0000021f9a060fb8, (CMBitMap*) 0x0000021f9a060ff0
 Prev Bits: [0x0000021fb3400000, 0x0000021fb7190000)
 Next Bits: [0x0000021fb7190000, 0x0000021fbaf20000)

Polling page: 0x0000021f997d0000

Metaspace:

Usage:
  Non-class:     10.62 MB capacity,    10.26 MB ( 97%) used,   321.98 KB (  3%) free+waste,    46.81 KB ( <1%) overhead. 
      Class:      1.38 MB capacity,     1.18 MB ( 86%) used,   177.77 KB ( 13%) free+waste,    23.00 KB (  2%) overhead. 
       Both:     12.00 MB capacity,    11.44 MB ( 95%) used,   499.76 KB (  4%) free+waste,    69.81 KB ( <1%) overhead. 

Virtual space:
  Non-class space:       12.00 MB reserved,      10.75 MB ( 90%) committed 
      Class space:        1.00 GB reserved,       1.50 MB ( <1%) committed 
             Both:        1.01 GB reserved,      12.25 MB (  1%) committed 

Chunk freelists:
   Non-Class:  3.00 KB
       Class:  29.00 KB
        Both:  32.00 KB

MaxMetaspaceSize: 17179869184.00 GB
CompressedClassSpaceSize: 1.00 GB
Initial GC threshold: 20.80 MB
Current GC threshold: 20.80 MB
CDS: off

CodeHeap 'non-profiled nmethods': size=120000Kb used=348Kb max_used=348Kb free=119652Kb
 bounds [0x0000021faa240000, 0x0000021faa4b0000, 0x0000021fb1770000]
CodeHeap 'profiled nmethods': size=120000Kb used=1895Kb max_used=1895Kb free=118104Kb
 bounds [0x0000021fa2d10000, 0x0000021fa2f80000, 0x0000021faa240000]
CodeHeap 'non-nmethods': size=5760Kb used=1198Kb max_used=1224Kb free=4561Kb
 bounds [0x0000021fa2770000, 0x0000021fa29e0000, 0x0000021fa2d10000]
 total_blobs=1399 nmethods=1032 adapters=288
 compilation: enabled
              stopped_count=0, restarted_count=0
 full_count=0

Compilation events (20 events):
Event: 0.417 Thread 0x0000021fbe5c8000 1024       3       java.util.stream.ReferencePipeline$StatelessOp::<init> (29 bytes)
Event: 0.417 Thread 0x0000021fbe5c8000 nmethod 1024 0x0000021fa2ee1510 code [0x0000021fa2ee16e0, 0x0000021fa2ee18a8]
Event: 0.417 Thread 0x0000021fbe5c8000 1025       3       java.util.stream.Sink$ChainedReference::end (10 bytes)
Event: 0.418 Thread 0x0000021fbe5c8000 nmethod 1025 0x0000021fa2ee1990 code [0x0000021fa2ee1b40, 0x0000021fa2ee1d08]
Event: 0.418 Thread 0x0000021fbe5c8000 1027       3       sun.net.util.URLUtil::urlNoFragString (114 bytes)
Event: 0.418 Thread 0x0000021fbe5c8000 nmethod 1027 0x0000021fa2ee1e10 code [0x0000021fa2ee2160, 0x0000021fa2ee34c8]
Event: 0.418 Thread 0x0000021fbe5c8000 1026       3       jdk.internal.loader.BuiltinClassLoader::isSealed (70 bytes)
Event: 0.419 Thread 0x0000021fbe5c8000 nmethod 1026 0x0000021fa2ee3c10 code [0x0000021fa2ee3ea0, 0x0000021fa2ee49a8]
Event: 0.419 Thread 0x0000021fbe5c8000 1029       3       jdk.internal.loader.Resource::<init> (5 bytes)
Event: 0.419 Thread 0x0000021fbe5c8000 nmethod 1029 0x0000021fa2ee4e10 code [0x0000021fa2ee4fc0, 0x0000021fa2ee5118]
Event: 0.419 Thread 0x0000021fbe5c8000 1028       3       java.lang.invoke.MethodHandles$Lookup::resolveOrFail (39 bytes)
Event: 0.420 Thread 0x0000021fbe5c8000 nmethod 1028 0x0000021fa2ee5210 code [0x0000021fa2ee5500, 0x0000021fa2ee6228]
Event: 0.420 Thread 0x0000021fbe783000 nmethod 1005 0x0000021faa295e10 code [0x0000021faa295fe0, 0x0000021faa296648]
Event: 0.421 Thread 0x0000021fbe5c8000 1030   !   3       java.lang.invoke.MethodHandles$Lookup::canBeCached (150 bytes)
Event: 0.421 Thread 0x0000021fbe5c7000 nmethod 1015 0x0000021faa296990 code [0x0000021faa296b20, 0x0000021faa296eb8]
Event: 0.422 Thread 0x0000021fbe5c8000 nmethod 1030 0x0000021fa2ee6710 code [0x0000021fa2ee6b20, 0x0000021fa2ee8c88]
Event: 0.422 Thread 0x0000021fbe5c8000 1031       3       java.lang.invoke.MethodType::changeReturnType (20 bytes)
Event: 0.422 Thread 0x0000021fbe5c8000 nmethod 1031 0x0000021fa2ee9790 code [0x0000021fa2ee9940, 0x0000021fa2ee9b08]
Event: 0.422 Thread 0x0000021fbe5c8000 1032       3       java.lang.invoke.MethodHandles$Lookup::getDirectMethodNoSecurityManager (18 bytes)
Event: 0.422 Thread 0x0000021fbe5c8000 nmethod 1032 0x0000021fa2ee9b90 code [0x0000021fa2ee9d40, 0x0000021fa2ee9ea8]

GC Heap History (0 events):
No events

Deoptimization events (20 events):
Event: 0.215 Thread 0x0000021f99ffb000 Uncommon trap: trap_request=0xffffffbe fr.pc=0x0000021faa267870 relative=0x0000000000000530
Event: 0.215 Thread 0x0000021f99ffb000 Uncommon trap: reason=profile_predicate action=maybe_recompile pc=0x0000021faa267870 method=jdk.internal.org.objectweb.asm.ByteVector.putUTF8(Ljava/lang/String;)Ljdk/internal/org/objectweb/asm/ByteVector; @ 77 c2
Event: 0.215 Thread 0x0000021f99ffb000 DEOPT PACKING pc=0x0000021faa267870 sp=0x000000d9cecfde50
Event: 0.215 Thread 0x0000021f99ffb000 DEOPT UNPACKING pc=0x0000021fa27ba1af sp=0x000000d9cecfddd0 mode 2
Event: 0.238 Thread 0x0000021f99ffb000 Uncommon trap: trap_request=0xffffff4d fr.pc=0x0000021faa258140 relative=0x0000000000000ec0
Event: 0.238 Thread 0x0000021f99ffb000 Uncommon trap: reason=unstable_if action=reinterpret pc=0x0000021faa258140 method=java.util.HashMap.putVal(ILjava/lang/Object;Ljava/lang/Object;ZZ)Ljava/lang/Object; @ 181 c2
Event: 0.238 Thread 0x0000021f99ffb000 DEOPT PACKING pc=0x0000021faa258140 sp=0x000000d9cecfe000
Event: 0.238 Thread 0x0000021f99ffb000 DEOPT UNPACKING pc=0x0000021fa27ba1af sp=0x000000d9cecfdfa0 mode 2
Event: 0.248 Thread 0x0000021f99ffb000 DEOPT PACKING pc=0x0000021fa2da8b02 sp=0x000000d9cecfd0d0
Event: 0.248 Thread 0x0000021f99ffb000 DEOPT UNPACKING pc=0x0000021fa27ba95e sp=0x000000d9cecfc558 mode 0
Event: 0.253 Thread 0x0000021f99ffb000 DEOPT PACKING pc=0x0000021fa2d576d0 sp=0x000000d9cecfd460
Event: 0.253 Thread 0x0000021f99ffb000 DEOPT UNPACKING pc=0x0000021fa27ba95e sp=0x000000d9cecfc8e8 mode 0
Event: 0.266 Thread 0x0000021f99ffb000 DEOPT PACKING pc=0x0000021fa2d73c93 sp=0x000000d9cecfd4a0
Event: 0.266 Thread 0x0000021f99ffb000 DEOPT UNPACKING pc=0x0000021fa27ba95e sp=0x000000d9cecfc900 mode 0
Event: 0.285 Thread 0x0000021f99ffb000 Uncommon trap: trap_request=0xffffff4d fr.pc=0x0000021faa26c064 relative=0x0000000000000284
Event: 0.285 Thread 0x0000021f99ffb000 Uncommon trap: reason=unstable_if action=reinterpret pc=0x0000021faa26c064 method=java.util.HashMap.getNode(ILjava/lang/Object;)Ljava/util/HashMap$Node; @ 62 c2
Event: 0.285 Thread 0x0000021f99ffb000 DEOPT PACKING pc=0x0000021faa26c064 sp=0x000000d9cecfb1b0
Event: 0.285 Thread 0x0000021f99ffb000 DEOPT UNPACKING pc=0x0000021fa27ba1af sp=0x000000d9cecfb150 mode 2
Event: 0.414 Thread 0x0000021f99ffb000 DEOPT PACKING pc=0x0000021fa2da55db sp=0x000000d9cecfd390
Event: 0.414 Thread 0x0000021f99ffb000 DEOPT UNPACKING pc=0x0000021fa27ba95e sp=0x000000d9cecfc808 mode 0

Classes redefined (20 events):
Event: 6282.554 Thread 0x0000021fbdcb5800 redefined class name=ru.netology.stats.RadioTest, count=12
Event: 6377.190 Thread 0x0000021fbdcb5800 redefined class name=ru.netology.stats.Radio, count=8
Event: 6550.344 Thread 0x0000021fbdcb5800 redefined class name=ru.netology.stats.RadioTest, count=13
Event: 7558.195 Thread 0x0000021fbdcb5800 redefined class name=ru.netology.stats.Radio, count=9
Event: 7584.656 Thread 0x0000021fbdcb5800 redefined class name=ru.netology.stats.RadioTest, count=14
Event: 7677.946 Thread 0x0000021fbdcb5800 redefined class name=ru.netology.stats.RadioTest, count=15
Event: 8420.628 Thread 0x0000021fbdcb5800 redefined class name=ru.netology.stats.Radio, count=10
Event: 8456.075 Thread 0x0000021fbdcb5800 redefined class name=ru.netology.stats.RadioTest, count=16
Event: 8483.153 Thread 0x0000021fbdcb5800 redefined class name=ru.netology.stats.RadioTest, count=17
Event: 8512.492 Thread 0x0000021fbdcb5800 redefined class name=ru.netology.stats.RadioTest, count=18
Event: 8522.635 Thread 0x0000021fbdcb5800 redefined class name=ru.netology.stats.RadioTest, count=19
Event: 8607.110 Thread 0x0000021fbdcb5800 redefined class name=ru.netology.stats.RadioTest, count=20
Event: 8949.679 Thread 0x0000021fbdcb5800 redefined class name=ru.netology.stats.Radio, count=11
Event: 8970.075 Thread 0x0000021fbdcb5800 redefined class name=ru.netology.stats.RadioTest, count=21
Event: 9511.642 Thread 0x0000021fbdcb5800 redefined class name=ru.netology.stats.Radio, count=12
Event: 9637.067 Thread 0x0000021fbdcb5800 redefined class name=ru.netology.stats.Radio, count=13
Event: 9691.393 Thread 0x0000021fbdcb5800 redefined class name=ru.netology.stats.RadioTest, count=22
Event: 9762.116 Thread 0x0000021fbdcb5800 redefined class name=ru.netology.stats.RadioTest, count=23
Event: 9821.954 Thread 0x0000021fbdcb5800 redefined class name=ru.netology.stats.RadioTest, count=24
Event: 9958.322 Thread 0x0000021fbdcb5800 redefined class name=ru.netology.stats.Radio, count=14

Internal exceptions (20 events):
Event: 0.260 Thread 0x0000021f99ffb000 Exception <a 'java/lang/NoSuchMethodError'{0x0000000718a33da0}: 'int java.lang.invoke.DirectMethodHandle$Holder.invokeSpecialIFC(java.lang.Object, java.lang.Object, java.lang.Object, java.lang.Object)'> (0x0000000718a33da0) thrown at [s\src\hotspot\share\interpreter\linkResolver.cpp, line 773]
Event: 0.271 Thread 0x0000021f99ffb000 Exception <a 'java/lang/NoSuchMethodError'{0x0000000718acdec0}: 'void java.lang.invoke.DirectMethodHandle$Holder.invokeInterface(java.lang.Object, java.lang.Object)'> (0x0000000718acdec0) thrown at [s\src\hotspot\share\interpreter\linkResolver.cpp, line 773]
Event: 0.271 Thread 0x0000021f99ffb000 Exception <a 'java/lang/IncompatibleClassChangeError'{0x0000000718ad0dc8}: Found class java.lang.Object, but interface was expected> (0x0000000718ad0dc8) thrown at [s\src\hotspot\share\interpreter\linkResolver.cpp, line 839]
Event: 0.297 Thread 0x0000021f99ffb000 Exception <a 'java/lang/NoSuchMethodError'{0x0000000718832240}: 'java.lang.Object java.lang.invoke.Invokers$Holder.linkToTargetMethod(java.lang.Object, java.lang.Object, java.lang.Object, java.lang.Object, java.lang.Object, java.lang.Object)'> (0x0000000718832240) thrown at [s\src\hotspot\share\interpreter\linkResolver.cpp, line 773]
Event: 0.318 Thread 0x0000021f99ffb000 Exception <a 'java/lang/NoSuchMethodError'{0x0000000718761e48}: 'java.lang.Object java.lang.invoke.DirectMethodHandle$Holder.invokeSpecialIFC(java.lang.Object, java.lang.Object, java.lang.Object, java.lang.Object)'> (0x0000000718761e48) thrown at [s\src\hotspot\share\interpreter\linkResolver.cpp, line 773]
Event: 0.327 Thread 0x0000021f99ffb000 Exception <a 'java/lang/IncompatibleClassChangeError'{0x00000007187e4b38}: Found class java.lang.Object, but interface was expected> (0x00000007187e4b38) thrown at [s\src\hotspot\share\interpreter\linkResolver.cpp, line 839]
Event: 0.334 Thread 0x0000021f99ffb000 Exception <a 'java/lang/IncompatibleClassChangeError'{0x00000007186311e8}: Found class java.lang.Object, but interface was expected> (0x00000007186311e8) thrown at [s\src\hotspot\share\interpreter\linkResolver.cpp, line 839]
Event: 0.339 Thread 0x0000021f99ffb000 Exception <a 'java/lang/NoSuchMethodError'{0x00000007186670d8}: 'void java.lang.invoke.DirectMethodHandle$Holder.invokeSpecial(java.lang.Object, java.lang.Object, java.lang.Object, java.lang.Object, java.lang.Object)'> (0x00000007186670d8) thrown at [s\src\hotspot\share\interpreter\linkResolver.cpp, line 773]
Event: 0.347 Thread 0x0000021f99ffb000 Exception <a 'java/lang/IncompatibleClassChangeError'{0x00000007186ca0c8}: Found class java.lang.Object, but interface was expected> (0x00000007186ca0c8) thrown at [s\src\hotspot\share\interpreter\linkResolver.cpp, line 839]
Event: 0.349 Thread 0x0000021f99ffb000 Exception <a 'java/lang/NoSuchMethodError'{0x00000007186e17c8}: 'void java.lang.invoke.DirectMethodHandle$Holder.invokeStatic(java.lang.Object, java.lang.Object, java.lang.Object, java.lang.Object)'> (0x00000007186e17c8) thrown at [s\src\hotspot\share\interpreter\linkResolver.cpp, line 773]
Event: 0.350 Thread 0x0000021f99ffb000 Exception <a 'java/lang/NoSuchMethodError'{0x00000007186ee3b8}: 'java.lang.Object java.lang.invoke.DirectMethodHandle$Holder.invokeVirtual(java.lang.Object, java.lang.Object, java.lang.Object)'> (0x00000007186ee3b8) thrown at [s\src\hotspot\share\interpreter\linkResolver.cpp, line 773]
Event: 0.351 Thread 0x0000021f99ffb000 Exception <a 'java/lang/NoSuchMethodError'{0x00000007185018c0}: 'java.lang.Object java.lang.invoke.Invokers$Holder.linkToTargetMethod(java.lang.Object, int, java.lang.Object)'> (0x00000007185018c0) thrown at [s\src\hotspot\share\interpreter\linkResolver.cpp, line 773]
Event: 0.363 Thread 0x0000021f99ffb000 Exception <a 'java/lang/NoSuchMethodError'{0x00000007185a70d8}: 'int java.lang.invoke.DirectMethodHandle$Holder.invokeStatic(java.lang.Object, java.lang.Object, java.lang.Object, java.lang.Object, java.lang.Object)'> (0x00000007185a70d8) thrown at [s\src\hotspot\share\interpreter\linkResolver.cpp, line 773]
Event: 0.366 Thread 0x0000021f99ffb000 Exception <a 'java/lang/NoSuchMethodError'{0x00000007185d0e08}: 'void java.lang.invoke.DirectMethodHandle$Holder.invokeSpecial(java.lang.Object, java.lang.Object, java.lang.Object, java.lang.Object)'> (0x00000007185d0e08) thrown at [s\src\hotspot\share\interpreter\linkResolver.cpp, line 773]
Event: 0.372 Thread 0x0000021f99ffb000 Exception <a 'java/lang/NoSuchMethodError'{0x0000000718419ad0}: 'void java.lang.invoke.DirectMethodHandle$Holder.invokeSpecial(java.lang.Object, java.lang.Object)'> (0x0000000718419ad0) thrown at [s\src\hotspot\share\interpreter\linkResolver.cpp, line 773]
Event: 0.387 Thread 0x0000021f99ffb000 Exception <a 'java/lang/NoSuchMethodError'{0x000000071830b708}: 'int java.lang.invoke.DirectMethodHandle$Holder.invokeStaticInit(java.lang.Object, java.lang.Object, java.lang.Object)'> (0x000000071830b708) thrown at [s\src\hotspot\share\interpreter\linkResolver.cpp, line 773]
Event: 0.407 Thread 0x0000021f99ffb000 Exception <a 'java/lang/NoSuchMethodError'{0x0000000718211ca8}: 'void java.lang.invoke.DirectMethodHandle$Holder.invokeStatic(java.lang.Object, java.lang.Object, java.lang.Object, java.lang.Object, java.lang.Object)'> (0x0000000718211ca8) thrown at [s\src\hotspot\share\interpreter\linkResolver.cpp, line 773]
Event: 0.408 Thread 0x0000021f99ffb000 Exception <a 'java/lang/NoSuchMethodError'{0x0000000718220250}: 'java.lang.Object java.lang.invoke.Invokers$Holder.linkToTargetMethod(java.lang.Object, java.lang.Object, java.lang.Object, java.lang.Object, java.lang.Object, java.lang.Object, java.lang.Object)'> (0x0000000718220250) thrown at [s\src\hotspot\share\interpreter\linkResolver.cpp, line 773]
Event: 0.409 Thread 0x0000021f99ffb000 Exception <a 'java/lang/NoSuchMethodError'{0x000000071822ab18}: 'java.lang.Object java.lang.invoke.DirectMethodHandle$Holder.invokeInterface(java.lang.Object, java.lang.Object, java.lang.Object, java.lang.Object, java.lang.Object)'> (0x000000071822ab18) thrown at [s\src\hotspot\share\interpreter\linkResolver.cpp, line 773]
Event: 0.409 Thread 0x0000021f99ffb000 Exception <a 'java/lang/IncompatibleClassChangeError'{0x000000071822e270}: Found class java.lang.Object, but interface was expected> (0x000000071822e270) thrown at [s\src\hotspot\share\interpreter\linkResolver.cpp, line 839]

Events (20 events):
Event: 9958.323 Executing VM operation: GetFrameCount done
Event: 9958.323 Executing VM operation: GetFrameCount
Event: 9958.323 Executing VM operation: GetFrameCount done
Event: 9958.323 Executing VM operation: GetStackTrace
Event: 9958.323 Executing VM operation: GetStackTrace done
Event: 9958.335 Executing VM operation: ChangeBreakpoints
Event: 9958.335 Executing VM operation: ChangeBreakpoints done
Event: 9958.336 Executing VM operation: ChangeBreakpoints
Event: 9958.336 Executing VM operation: ChangeBreakpoints done
Event: 9958.336 Executing VM operation: ChangeBreakpoints
Event: 9958.337 Executing VM operation: ChangeBreakpoints done
Event: 9958.337 Executing VM operation: ChangeBreakpoints
Event: 9958.337 Executing VM operation: ChangeBreakpoints done
Event: 9958.372 Executing VM operation: GetFrameCount
Event: 9958.372 Executing VM operation: GetFrameCount done
Event: 9958.372 Executing VM operation: GetStackTrace
Event: 9958.372 Executing VM operation: GetStackTrace done
Event: 9958.374 Executing VM operation: GetFrameLocation
Event: 9958.374 Executing VM operation: GetFrameLocation done
Event: 9958.374 Executing VM operation: GetOrSetLocal


Dynamic libraries:
0x00007ff6e8220000 - 0x00007ff6e822d000 	C:\Users\Руслан\.jdks\corretto-11.0.19\bin\java.exe
0x00007fff32bd0000 - 0x00007fff32de4000 	C:\Windows\SYSTEM32\ntdll.dll
0x00007fff323c0000 - 0x00007fff32482000 	C:\Windows\System32\KERNEL32.DLL
0x00007fff2ffd0000 - 0x00007fff30373000 	C:\Windows\System32\KERNELBASE.dll
0x00007fff30680000 - 0x00007fff30791000 	C:\Windows\System32\ucrtbase.dll
0x00007ffefac10000 - 0x00007ffefac27000 	C:\Users\Руслан\.jdks\corretto-11.0.19\bin\jli.dll
0x00007ffefabf0000 - 0x00007ffefac09000 	C:\Users\Руслан\.jdks\corretto-11.0.19\bin\VCRUNTIME140.dll
0x00007fff31b30000 - 0x00007fff31cda000 	C:\Windows\System32\USER32.dll
0x00007fff30980000 - 0x00007fff309a6000 	C:\Windows\System32\win32u.dll
0x00007fff11120000 - 0x00007fff113ae000 	C:\Windows\WinSxS\amd64_microsoft.windows.common-controls_6595b64144ccf1df_6.0.22621.1635_none_270f70857386168e\COMCTL32.dll
0x00007fff32970000 - 0x00007fff32999000 	C:\Windows\System32\GDI32.dll
0x00007fff324a0000 - 0x00007fff32547000 	C:\Windows\System32\msvcrt.dll
0x00007fff303f0000 - 0x00007fff30509000 	C:\Windows\System32\gdi32full.dll
0x00007fff307a0000 - 0x00007fff3083a000 	C:\Windows\System32\msvcp_win.dll
0x00007fff32710000 - 0x00007fff32741000 	C:\Windows\System32\IMM32.DLL
0x00007ffe9fd70000 - 0x00007ffe9fe0b000 	C:\Users\Руслан\.jdks\corretto-11.0.19\bin\msvcp140.dll
0x00007ffe9f150000 - 0x00007ffe9fcda000 	C:\Users\Руслан\.jdks\corretto-11.0.19\bin\server\jvm.dll
0x00007fff32750000 - 0x00007fff327fe000 	C:\Windows\System32\ADVAPI32.dll
0x00007fff31100000 - 0x00007fff311a4000 	C:\Windows\System32\sechost.dll
0x00007fff311b0000 - 0x00007fff312c7000 	C:\Windows\System32\RPCRT4.dll
0x00007fff32960000 - 0x00007fff32968000 	C:\Windows\System32\PSAPI.DLL
0x00007fff0be40000 - 0x00007fff0be49000 	C:\Windows\SYSTEM32\WSOCK32.dll
0x00007fff31ce0000 - 0x00007fff31d51000 	C:\Windows\System32\WS2_32.dll
0x00007fff27320000 - 0x00007fff27354000 	C:\Windows\SYSTEM32\WINMM.dll
0x00007fff25fa0000 - 0x00007fff25faa000 	C:\Windows\SYSTEM32\VERSION.dll
0x00007fff2efd0000 - 0x00007fff2efe8000 	C:\Windows\SYSTEM32\kernel.appcore.dll
0x00007ffefabe0000 - 0x00007ffefabf0000 	C:\Users\Руслан\.jdks\corretto-11.0.19\bin\verify.dll
0x00007fff23000000 - 0x00007fff2322e000 	C:\Windows\SYSTEM32\DBGHELP.DLL
0x00007fff30be0000 - 0x00007fff30f69000 	C:\Windows\System32\combase.dll
0x00007fff32ab0000 - 0x00007fff32b87000 	C:\Windows\System32\OLEAUT32.dll
0x00007fff23a90000 - 0x00007fff23ac2000 	C:\Windows\SYSTEM32\dbgcore.DLL
0x00007fff30840000 - 0x00007fff308ba000 	C:\Windows\System32\bcryptPrimitives.dll
0x00007ffe9fd40000 - 0x00007ffe9fd68000 	C:\Users\Руслан\.jdks\corretto-11.0.19\bin\java.dll
0x00007ffefabd0000 - 0x00007ffefabda000 	C:\Users\Руслан\.jdks\corretto-11.0.19\bin\jimage.dll
0x00007fff2b420000 - 0x00007fff2b458000 	C:\Users\Руслан\.jdks\corretto-11.0.19\bin\jdwp.dll
0x00007fff2b410000 - 0x00007fff2b41e000 	C:\Users\Руслан\.jdks\corretto-11.0.19\bin\instrument.dll
0x00007ffe9fd20000 - 0x00007ffe9fd38000 	C:\Users\Руслан\.jdks\corretto-11.0.19\bin\zip.dll
0x00007fff312d0000 - 0x00007fff31ac9000 	C:\Windows\System32\SHELL32.dll
0x00007fff2df70000 - 0x00007fff2e83e000 	C:\Windows\SYSTEM32\windows.storage.dll
0x00007fff2de30000 - 0x00007fff2df6e000 	C:\Windows\SYSTEM32\wintypes.dll
0x00007fff329a0000 - 0x00007fff32a91000 	C:\Windows\System32\SHCORE.dll
0x00007fff31ad0000 - 0x00007fff31b2e000 	C:\Windows\System32\shlwapi.dll
0x00007fff2ff00000 - 0x00007fff2ff26000 	C:\Windows\SYSTEM32\profapi.dll
0x00007fff2b400000 - 0x00007fff2b40a000 	C:\Users\Руслан\.jdks\corretto-11.0.19\bin\dt_socket.dll
0x00007fff2f440000 - 0x00007fff2f4a9000 	C:\Windows\system32\mswsock.dll
0x00007ffea09c0000 - 0x00007ffea09d9000 	C:\Users\Руслан\.jdks\corretto-11.0.19\bin\net.dll
0x00007fff29d30000 - 0x00007fff29e67000 	C:\Windows\SYSTEM32\WINHTTP.dll
0x00007ffea09a0000 - 0x00007ffea09b3000 	C:\Users\Руслан\.jdks\corretto-11.0.19\bin\nio.dll

dbghelp: loaded successfully - version: 4.0.5 - missing functions: none
symbol engine: initialized successfully - sym options: 0x614 - pdb path: .;C:\Users\Руслан\.jdks\corretto-11.0.19\bin;C:\Windows\SYSTEM32;C:\Windows\WinSxS\amd64_microsoft.windows.common-controls_6595b64144ccf1df_6.0.22621.1635_none_270f70857386168e;C:\Users\Руслан\.jdks\corretto-11.0.19\bin\server

VM Arguments:
jvm_args: -agentlib:jdwp=transport=dt_socket,address=127.0.0.1:65083,suspend=y,server=n -ea -Didea.test.cyclic.buffer.size=1048576 -javaagent:C:\Users\Руслан\AppData\Local\JetBrains\IdeaIC2023.1\captureAgent\debugger-agent.jar -Dfile.encoding=UTF-8 
java_command: com.intellij.rt.junit.JUnitStarter -ideVersion5 -junit5 ru.netology.stats.RadioTest,nextMaxStation
java_class_path (initial): C:\Users\Руслан\.m2\repository\org\junit\platform\junit-platform-launcher\1.7.0\junit-platform-launcher-1.7.0.jar;C:\Program Files\JetBrains\IntelliJ IDEA Community Edition 2023.1.1\lib\idea_rt.jar;C:\Program Files\JetBrains\IntelliJ IDEA Community Edition 2023.1.1\plugins\junit\lib\junit5-rt.jar;C:\Program Files\JetBrains\IntelliJ IDEA Community Edition 2023.1.1\plugins\junit\lib\junit-rt.jar;C:\IdeaProjects\HomeWork10\target\test-classes;C:\IdeaProjects\HomeWork10\target\classes;C:\Users\Руслан\.m2\repository\org\projectlombok\lombok\1.18.28\lombok-1.18.28.jar;C:\Users\Руслан\.m2\repository\org\junit\jupiter\junit-jupiter\5.7.0\junit-jupiter-5.7.0.jar;C:\Users\Руслан\.m2\repository\org\junit\jupiter\junit-jupiter-api\5.7.0\junit-jupiter-api-5.7.0.jar;C:\Users\Руслан\.m2\repository\org\apiguardian\apiguardian-api\1.1.0\apiguardian-api-1.1.0.jar;C:\Users\Руслан\.m2\repository\org\opentest4j\opentest4j\1.2.0\opentest4j-1.2.0.jar;C:\Users\Руслан\.m2\repository\org\junit\platform\junit-platform-commons\1.7.0\junit-platform-commons-1.7.0.jar;C:\Users\Руслан\.m2\repository\org\junit\jupiter\junit-jupiter-params\5.7.0\junit-jupiter-params-5.7.0.jar;C:\Users\Руслан\.m2\repository\org\junit\jupiter\junit-jupiter-engine\5.7.0\junit-jupiter-engine-5.7.0.jar;C:\Users\Руслан\.m2\repository\org\junit\platform\junit-platform-engine\1.7.0\junit-platform-engine-1.7.0.jar
Launcher Type: SUN_STANDARD

[Global flags]
     intx CICompilerCount                          = 4                                         {product} {ergonomic}
     uint ConcGCThreads                            = 3                                         {product} {ergonomic}
     uint G1ConcRefinementThreads                  = 10                                        {product} {ergonomic}
   size_t G1HeapRegionSize                         = 1048576                                   {product} {ergonomic}
    uintx GCDrainStackTargetSize                   = 64                                        {product} {ergonomic}
   size_t InitialHeapSize                          = 260046848                                 {product} {ergonomic}
   size_t MarkStackSize                            = 4194304                                   {product} {ergonomic}
   size_t MaxHeapSize                              = 4131389440                                {product} {ergonomic}
   size_t MaxNewSize                               = 2478833664                                {product} {ergonomic}
   size_t MinHeapDeltaBytes                        = 1048576                                   {product} {ergonomic}
    uintx NonNMethodCodeHeapSize                   = 5836300                                {pd product} {ergonomic}
    uintx NonProfiledCodeHeapSize                  = 122910970                              {pd product} {ergonomic}
    uintx ProfiledCodeHeapSize                     = 122910970                              {pd product} {ergonomic}
    uintx ReservedCodeCacheSize                    = 251658240                              {pd product} {ergonomic}
     bool SegmentedCodeCache                       = true                                      {product} {ergonomic}
     bool UseCompressedClassPointers               = true                                 {lp64_product} {ergonomic}
     bool UseCompressedOops                        = true                                 {lp64_product} {ergonomic}
     bool UseG1GC                                  = true                                      {product} {ergonomic}
     bool UseLargePagesIndividualAllocation        = false                                  {pd product} {ergonomic}

Logging:
Log output configuration:
 #0: stdout all=warning uptime,level,tags
 #1: stderr all=off uptime,level,tags

Environment Variables:
PATH=C:\Windows\system32;C:\Windows;C:\Windows\System32\Wbem;C:\Windows\System32\WindowsPowerShell\v1.0\;C:\Windows\System32\OpenSSH\;C:\Program Files\Git\cmd;C:\Users\Руслан\AppData\Local\Microsoft\WindowsApps;;C:\Users\Руслан\AppData\Local\Programs\Microsoft VS Code\bin;C:\Program Files\JetBrains\IntelliJ IDEA Community Edition 2023.1.1\bin;
USERNAME=Руслан
OS=Windows_NT
PROCESSOR_IDENTIFIER=AMD64 Family 25 Model 80 Stepping 0, AuthenticAMD
TMP=C:\Users\27C6~1\AppData\Local\Temp
TEMP=C:\Users\27C6~1\AppData\Local\Temp



---------------  S Y S T E M  ---------------

OS: Windows 11 , 64 bit Build 22621 (10.0.22621.1928)
OS uptime: 0 days 5:29 hours
Hyper-V role detected

CPU:total 12 (initial active 12) (12 cores per cpu, 2 threads per core) family 25 model 80 stepping 0 microcode 0x0, cmov, cx8, fxsr, mmx, sse, sse2, sse3, ssse3, sse4.1, sse4.2, popcnt, avx, avx2, aes, clmul, erms, mmxext, 3dnowpref, lzcnt, sse4a, ht, tsc, tscinvbit, tscinv, bmi1, bmi2, adx, sha, fma

Memory: 4k page, system-wide physical 15754M (8458M free)
TotalPageFile size 18186M (AvailPageFile size 4408M)
current process WorkingSet (physical memory assigned to process): 35M, peak: 74M
current process commit charge ("private bytes"): 347M, peak: 351M

vm_info: OpenJDK 64-Bit Server VM (11.0.19+7-LTS) for windows-amd64 JRE (11.0.19+7-LTS), built on Apr 13 2023 22:56:25 by "Administrator" with MS VC++ 15.9 (VS2017)

END.
